<?xml version="1.0" encoding="UTF-8"?>
<testsuite xmlns:xsi="http://www.w3.org/2001/XMLSchema-instance" xsi:noNamespaceSchemaLocation="https://maven.apache.org/surefire/maven-surefire-plugin/xsd/surefire-test-report-3.0.xsd" version="3.0" name="Selenium.TestMascota" time="11.646" tests="1" errors="0" skipped="0" failures="0">
  <properties>
[...]
</properties>
  <testcase name="LoginCorrecto" classname="Selenium.TestMascota" time="11.561">
    <system-err><![CDATA[jun 05, 2026 12:48:20 P. M. org.openqa.selenium.devtools.CdpVersionFinder findNearestMatch
WARNING: Unable to find an exact match for CDP version 148, returning the closest version; found: 147; Please update to a Selenium version that supports CDP version 148
]]></system-err>
  </testcase>
</testsuite>